"../../../Engine/Content/Animation/DefaultAnimBoneCompressionSettings.uasset" 0
"../../../../../../Users/andre/Documents/Source/FunnyAnimals/Content/untitled_category/untitled_asset/Bird_Skeleton.uasset" 1
"../../../../../../Users/andre/Documents/Source/FunnyAnimals/Content/untitled_category/untitled_asset/animations/Idle.uasset" 2
"../../../../../../Users/andre/Documents/Source/FunnyAnimals/Content/Audio/Step.uasset" 3
"../../../../../../Users/andre/Documents/Source/FunnyAnimals/Content/untitled_category/untitled_asset/animations/Walk.uasset" 4
"../../../../../../Users/andre/Documents/Source/FunnyAnimals/Content/untitled_category/untitled_asset/animations/BS_IdleWalk.uasset" 5
"../../../Engine/Content/EditorBlueprintResources/StandardMacros.uasset" 6
"../../../../../../Users/andre/Documents/Source/FunnyAnimals/Content/untitled_category/untitled_asset/animations/BP_AnimBird.uasset" 7
"../../../../../../Users/andre/Documents/Source/FunnyAnimals/Content/Audio/Bwrak.uasset" 8
"../../../../../../Users/andre/Documents/Source/FunnyAnimals/Content/untitled_category/untitled_asset/animations/Peck.uasset" 9
"../../../../../../Users/andre/Documents/Source/FunnyAnimals/Content/untitled_category/untitled_asset/animations/Peck_Montage.uasset" 10
"../../../../../../Users/andre/Documents/Source/FunnyAnimals/Content/Utils/PeckShake.uasset" 11
"../../../../../../Users/andre/Documents/Source/FunnyAnimals/Content/Utils/BirdrColorDataTable.uasset" 12
"../../../../../../Users/andre/Documents/Source/FunnyAnimals/Content/Materials/M_Warp.uasset" 13
"../../../../../../Users/andre/Documents/Source/FunnyAnimals/Content/Environment/Warp/M_Warp.uasset" 14
"../../Plugins/FX/Niagara/Content/DynamicInputs/ValueFromCurve/FloatFromCurve.uasset" 15
"../../Plugins/FX/Niagara/Content/Functions/Localspace/SimulationPosition.uasset" 16
"../../Plugins/FX/Niagara/Content/Functions/Emitter/EmitterChangeState.uasset" 17
"../../Plugins/FX/Niagara/Content/Enums/ENiagara_EmitterStateOptions.uasset" 18
"../../Plugins/FX/Niagara/Content/Enums/ENiagara_InfiniteLoopDuration.uasset" 19
"../../Plugins/FX/Niagara/Content/Enums/ENiagaraEmitterLifeCycleMode.uasset" 20
"../../Plugins/FX/Niagara/Content/Enums/ENiagaraEmitterScalabilityMode_Limited.uasset" 21
"../../Plugins/FX/Niagara/Content/Enums/ENiagaraExecutionStateManagement.uasset" 22
"../../Plugins/FX/Niagara/Content/Enums/ENiagaraInactiveMode.uasset" 23
"../../Plugins/FX/Niagara/Content/Modules/Emitter/EmitterState.uasset" 24
"../../Plugins/FX/Niagara/Content/Enums/ENiagaraRandomnessMode.uasset" 25
"../../Plugins/FX/Niagara/Content/Functions/GetRandomInfo.uasset" 26
"../../Plugins/FX/Niagara/Content/Functions/RandomRangeFloat.uasset" 27
"../../Plugins/FX/Niagara/Content/Modules/Emitter/SpawnRate.uasset" 28
"../../Plugins/FX/Niagara/Content/Functions/DirectionAndLengthSafe.uasset" 29
"../../Plugins/FX/Niagara/Content/Modules/Solvers/SolveForcesAndVelocity.uasset" 30
"../../Plugins/FX/Niagara/Content/Modules/Spawn/Initialization/InitializeParticle.uasset" 31
"../../Plugins/FX/Niagara/Content/Functions/System/SystemChangeState.uasset" 32
"../../Plugins/FX/Niagara/Content/Enums/ENiagaraSystemInactiveMode.uasset" 33
"../../Plugins/FX/Niagara/Content/Modules/System/SystemState.uasset" 34
"../../Plugins/FX/Niagara/Content/Enums/ENiagaraScaleColorMode.uasset" 35
"../../Plugins/FX/Niagara/Content/Modules/Update/Color/ScaleColor.uasset" 36
"../../Plugins/FX/Niagara/Content/Modules/Update/Lifetime/ParticleState.uasset" 37
"../../../../../../Users/andre/Documents/Source/FunnyAnimals/Content/FX/GrassWarp.uasset" 38
"../../../../../../Users/andre/Documents/Source/FunnyAnimals/Content/Materials/M_BaseColor.uasset" 39
"../../../../../../Users/andre/Documents/Source/FunnyAnimals/Content/Materials/MI_Black.uasset" 40
"../../../../../../Users/andre/Documents/Source/FunnyAnimals/Content/Materials/MI_Blue.uasset" 41
"../../../../../../Users/andre/Documents/Source/FunnyAnimals/Content/Materials/MI_BlueDark.uasset" 42
"../../../../../../Users/andre/Documents/Source/FunnyAnimals/Content/Materials/MI_BlueLight.uasset" 43
"../../../../../../Users/andre/Documents/Source/FunnyAnimals/Content/Materials/MI_Orange.uasset" 44
"../../../../../../Users/andre/Documents/Source/FunnyAnimals/Content/Materials/MI_YellowLight.uasset" 45
"../../../../../../Users/andre/Documents/Source/FunnyAnimals/Content/untitled_category/untitled_asset/Bird_PhysicsAsset.uasset" 46
"../../../../../../Users/andre/Documents/Source/FunnyAnimals/Content/untitled_category/untitled_asset/Bird.uasset" 47
"../../../../../../Users/andre/Documents/Source/FunnyAnimals/Content/Blueprints/Character/BP_Bird.uasset" 48
"../../../../../../Users/andre/Documents/Source/FunnyAnimals/Content/UI/AllLeves/Loading.uasset" 49
"../../../../../../Users/andre/Documents/Source/FunnyAnimals/Content/UI/ScoreItem.uasset" 50
"../../../../../../Users/andre/Documents/Source/FunnyAnimals/Content/UI/Complete.uasset" 51
"../../../../../../Users/andre/Documents/Source/FunnyAnimals/Content/UI/Player.uasset" 52
"../../../../../../Users/andre/Documents/Source/FunnyAnimals/Content/Blueprints/Gameplay/Legacy/BP_FPlayerController.uasset" 53
"../../../../../../Users/andre/Documents/Source/FunnyAnimals/Content/Blueprints/Gameplay/Legacy/BP_MainGameMode.uasset" 54
"../../../../../../Users/andre/Documents/Source/FunnyAnimals/Content/Blueprints/Gameplay/BP_MainGameMode.uasset" 55
"../../../../../../Users/andre/Documents/Source/FunnyAnimals/Content/World/BP_MainGameMode.uasset" 56
"../../../../../../Users/andre/Documents/Source/FunnyAnimals/Content/BP_MainGameMode.uasset" 57
"../../../../../../Users/andre/Documents/Source/FunnyAnimals/Content/Utils/CharacterColorDataTable.uasset" 58
"../../../../../../Users/andre/Documents/Source/FunnyAnimals/Content/CharacterColorDataTable.uasset" 59
"../../../../../../Users/andre/Documents/Source/FunnyAnimals/Content/Map1.uasset" 60
"../../../../../../Users/andre/Documents/Source/FunnyAnimals/Content/NewMap.uasset" 61
"../../../../../../Users/andre/Documents/Source/FunnyAnimals/Content/Maps/Map1_BuiltData.uasset" 62
"../../../../../../Users/andre/Documents/Source/FunnyAnimals/Content/Map1_BuiltData.uasset" 63
"../../../../../../Users/andre/Documents/Source/FunnyAnimals/Content/NewMap_BuiltData.uasset" 64
"../../../Engine/Content/Functions/Engine_MaterialFunctions01/Gradient/LinearGradient.uasset" 65
"../../../Engine/Content/Functions/Engine_MaterialFunctions01/ImageAdjustment/CheapContrast.uasset" 66
"../../../Engine/Content/Functions/Engine_MaterialFunctions01/ImageAdjustment/SCurve.uasset" 67
"../../../Engine/Content/MapTemplates/TilingNoise05.uasset" 68
"../../../Engine/Content/Functions/Engine_MaterialFunctions01/Texturing/TriplanarCameraVector.uasset" 69
"../../../Engine/Content/Functions/Engine_MaterialFunctions02/Math/AddComponents.uasset" 70
"../../../Engine/Content/Functions/Engine_MaterialFunctions02/Texturing/WorldPositionWithScale.uasset" 71
"../../../Engine/Content/Functions/Engine_MaterialFunctions02/Utility/BreakOutFloat2Components.uasset" 72
"../../../Engine/Content/Functions/Engine_MaterialFunctions02/Utility/BreakOutFloat3Components.uasset" 73
"../../../Engine/Content/Functions/Engine_MaterialFunctions02/Utility/MakeFloat3.uasset" 74
"../../../Engine/Content/Functions/Engine_MaterialFunctions02/Utility/Sign.uasset" 75
"../../../Engine/Content/Functions/Engine_MaterialFunctions02/Utility/Round.uasset" 76
"../../../Engine/Content/EngineMaterials/BlendFunc_DefBase.uasset" 77
"../../../Engine/Content/EngineMaterials/BlendFunc_DefBlend.uasset" 78
"../../../Engine/Content/Functions/Engine_MaterialFunctions03/Blends/Blend_Difference.uasset" 79
"../../../../../../Users/andre/Documents/Source/FunnyAnimals/Content/AdvancedCelShader/CelShader/MaterialFunctions/Posterize.uasset" 80
"../../../../../../Users/andre/Documents/Source/FunnyAnimals/Content/AdvancedCelShader/CelShader/MaterialFunctions/CelPosterize.uasset" 81
"../../../../../../Users/andre/Documents/Source/FunnyAnimals/Content/AdvancedCelShader/CelShader/MaterialFunctions/CustomBlur1.uasset" 82
"../../../../../../Users/andre/Documents/Source/FunnyAnimals/Content/AdvancedCelShader/CelShader/MaterialFunctions/CustomBlur2.uasset" 83
"../../../../../../Users/andre/Documents/Source/FunnyAnimals/Content/AdvancedCelShader/CelShader/MaterialFunctions/DepthMask.uasset" 84
"../../../../../../Users/andre/Documents/Source/FunnyAnimals/Content/AdvancedCelShader/CelShader/MaterialFunctions/EdgeDetectColour.uasset" 85
"../../../../../../Users/andre/Documents/Source/FunnyAnimals/Content/AdvancedCelShader/CelShader/MaterialFunctions/EdgeDetectDepth.uasset" 86
"../../../../../../Users/andre/Documents/Source/FunnyAnimals/Content/AdvancedCelShader/CelShader/MaterialFunctions/InnerShadow.uasset" 87
"../../../../../../Users/andre/Documents/Source/FunnyAnimals/Content/AdvancedCelShader/CelShader/MaterialFunctions/MaskSky.uasset" 88
"../../../../../../Users/andre/Documents/Source/FunnyAnimals/Content/AdvancedCelShader/CelShader/MaterialFunctions/OuterShadow.uasset" 89
"../../../../../../Users/andre/Documents/Source/FunnyAnimals/Content/AdvancedCelShader/CelShader/MaterialFunctions/PixellateUVs.uasset" 90
"../../../../../../Users/andre/Documents/Source/FunnyAnimals/Content/AdvancedCelShader/CelShader/MaterialFunctions/SkyMask.uasset" 91
"../../../../../../Users/andre/Documents/Source/FunnyAnimals/Content/AdvancedCelShader/CelShader/MaterialFunctions/Slider.uasset" 92
"../../../../../../Users/andre/Documents/Source/FunnyAnimals/Content/AdvancedCelShader/CelShader/Textures/PrintDots.uasset" 93
"../../../../../../Users/andre/Documents/Source/FunnyAnimals/Content/AdvancedCelShader/CelShader/Textures/sketch_mask_2.uasset" 94
"../../../../../../Users/andre/Documents/Source/FunnyAnimals/Content/AdvancedCelShader/CelShader/Textures/spatter.uasset" 95
"../../../../../../Users/andre/Documents/Source/FunnyAnimals/Content/AdvancedCelShader/CelShader/Textures/watercolour_texture.uasset" 96
"../../../../../../Users/andre/Documents/Source/FunnyAnimals/Content/AdvancedCelShader/CelShader/Materials/CelShader.uasset" 97
"../../../../../../Users/andre/Documents/Source/FunnyAnimals/Content/AdvancedCelShader/CelShader/Textures/paint_normal_normal.uasset" 98
"../../../../../../Users/andre/Documents/Source/FunnyAnimals/Content/AdvancedCelShader/CelShader/Presets/CelShaderAgedComic.uasset" 99
"../../../../../../Users/andre/Documents/Source/FunnyAnimals/Content/AdvancedCelShader/CelShader/Presets/CelShaderAnime.uasset" 100
"../../../../../../Users/andre/Documents/Source/FunnyAnimals/Content/AdvancedCelShader/CelShader/Presets/CelShaderChalkOnBlackboard.uasset" 101
"../../../../../../Users/andre/Documents/Source/FunnyAnimals/Content/AdvancedCelShader/CelShader/Textures/burlap.uasset" 102
"../../../../../../Users/andre/Documents/Source/FunnyAnimals/Content/AdvancedCelShader/CelShader/Presets/CelShaderColouredPencil.uasset" 103
"../../../../../../Users/andre/Documents/Source/FunnyAnimals/Content/AdvancedCelShader/CelShader/Textures/sketch_mask.uasset" 104
"../../../../../../Users/andre/Documents/Source/FunnyAnimals/Content/AdvancedCelShader/CelShader/Presets/CelShaderDirtyManga.uasset" 105
"../../../Engine/Content/Functions/Engine_MaterialFunctions01/ImageAdjustment/BlurSampleOffsets.uasset" 106
"../../../Engine/Content/Functions/Engine_MaterialFunctions01/Opacity/CameraDepthFade.uasset" 107
"../../../../../../Users/andre/Documents/Source/FunnyAnimals/Content/AdvancedCelShader/CelShader/MaterialFunctions/PosterizeForward.uasset" 108
"../../../../../../Users/andre/Documents/Source/FunnyAnimals/Content/AdvancedCelShader/CelShader/MaterialFunctions/CelPosterizeForward.uasset" 109
"../../../../../../Users/andre/Documents/Source/FunnyAnimals/Content/AdvancedCelShader/CelShader/MaterialFunctions/EdgeDetectColourForward.uasset" 110
"../../../../../../Users/andre/Documents/Source/FunnyAnimals/Content/AdvancedCelShader/CelShader/MaterialFunctions/EdgeDetectDepthForward.uasset" 111
"../../../../../../Users/andre/Documents/Source/FunnyAnimals/Content/AdvancedCelShader/CelShader/Materials/CelShaderForward.uasset" 112
"../../../../../../Users/andre/Documents/Source/FunnyAnimals/Content/AdvancedCelShader/CelShader/Presets/CelShaderForwardDefault.uasset" 113
"../../../../../../Users/andre/Documents/Source/FunnyAnimals/Content/AdvancedCelShader/CelShader/Presets/CelShaderHeroComic.uasset" 114
"../../../../../../Users/andre/Documents/Source/FunnyAnimals/Content/AdvancedCelShader/CelShader/Presets/CelShaderNewsprint.uasset" 115
"../../../../../../Users/andre/Documents/Source/FunnyAnimals/Content/AdvancedCelShader/CelShader/Presets/CelShaderOldSchoolAdventure.uasset" 116
"../../../../../../Users/andre/Documents/Source/FunnyAnimals/Content/AdvancedCelShader/CelShader/Textures/brushstrokes.uasset" 117
"../../../../../../Users/andre/Documents/Source/FunnyAnimals/Content/AdvancedCelShader/CelShader/Presets/CelShaderParchment.uasset" 118
"../../../../../../Users/andre/Documents/Source/FunnyAnimals/Content/AdvancedCelShader/CelShader/Presets/CelShaderSumi.uasset" 119
"../../../../../../Users/andre/Documents/Source/FunnyAnimals/Content/AdvancedCelShader/CelShader/Presets/CelShaderTrip.uasset" 120
"../../../../../../Users/andre/Documents/Source/FunnyAnimals/Content/AdvancedCelShader/CelShader/Presets/CelShaderVoltron.uasset" 121
"../../../../../../Users/andre/Documents/Source/FunnyAnimals/Content/AdvancedCelShader/CelShader/Textures/flatwhite.uasset" 122
"../../../../../../Users/andre/Documents/Source/FunnyAnimals/Content/AdvancedCelShader/CelShader/Presets/CelShaderWatercolour.uasset" 123
"../../../../../../Users/andre/Documents/Source/FunnyAnimals/Content/AdvancedCelShader/CelShader/Presets/CelShaderWindWalker.uasset" 124
"../../../../../../Users/andre/Documents/Source/FunnyAnimals/Content/AdvancedCelShader/CelShader/MaterialFunctions/EdgeDetectColourv2.uasset" 125
"../../../../../../Users/andre/Documents/Source/FunnyAnimals/Content/AdvancedCelShader/CelShader/MaterialFunctions/EdgeDetectDepthv2.uasset" 126
"../../../../../../Users/andre/Documents/Source/FunnyAnimals/Content/AdvancedCelShader/CelShader/Materials/CelShaderV2.uasset" 127
"../../../../../../Users/andre/Documents/Source/FunnyAnimals/Content/AdvancedCelShader/CelShader/PresetsV2/CelShaderV2_CleanComic.uasset" 128
"../../../../../../Users/andre/Documents/Source/FunnyAnimals/Content/AdvancedCelShader/CelShader/PresetsV2/CelShaderV2_Radioactive.uasset" 129
"../../../../../../Users/andre/Documents/Source/FunnyAnimals/Content/AdvancedCelShader/Landscape/Materials/LandscapeTopology.uasset" 130
"../../../Engine/Content/Functions/Engine_MaterialFunctions02/SplitComponents.uasset" 131
"../../../Engine/Content/Functions/Engine_MaterialFunctions03/Blends/Blend_Overlay.uasset" 132
"../../../../../../Users/andre/Documents/Source/FunnyAnimals/Content/AdvancedCelShader/Landscape/Textures/gravel.uasset" 133
"../../../../../../Users/andre/Documents/Source/FunnyAnimals/Content/AdvancedCelShader/Landscape/Textures/grey.uasset" 134
"../../../../../../Users/andre/Documents/Source/FunnyAnimals/Content/AdvancedCelShader/Landscape/Textures/rock_2.uasset" 135
"../../../../../../Users/andre/Documents/Source/FunnyAnimals/Content/AdvancedCelShader/Landscape/Textures/sand.uasset" 136
"../../../../../../Users/andre/Documents/Source/FunnyAnimals/Content/AdvancedCelShader/Landscape/Textures/volcanic_mountain_normal.uasset" 137
"../../../../../../Users/andre/Documents/Source/FunnyAnimals/Content/AdvancedCelShader/Landscape/Materials/MAT_Landscape.uasset" 138
"../../../../../../Users/andre/Documents/Source/FunnyAnimals/Content/AdvancedCelShader/Landscape/Materials/MAT_Sand.uasset" 139
"../../../../../../Users/andre/Documents/Source/FunnyAnimals/Content/AdvancedCelShader/CelShader/MaterialFunctions/PackDepth.uasset" 140
"../../../../../../Users/andre/Documents/Source/FunnyAnimals/Content/AdvancedCelShader/MobileCelShader/MaterialFunctions/EdgeDetectColourMobile.uasset" 141
"../../../../../../Users/andre/Documents/Source/FunnyAnimals/Content/AdvancedCelShader/MobileCelShader/MaterialFunctions/EdgeDetectDepthMobile.uasset" 142
"../../../../../../Users/andre/Documents/Source/FunnyAnimals/Content/AdvancedCelShader/MobileCelShader/Materials/CelShaderMobile.uasset" 143
"../../../../../../Users/andre/Documents/Source/FunnyAnimals/Content/AdvancedCelShader/MobileCelShader/Presets/CelShaderMobileAnime.uasset" 144
"../../../../../../Users/andre/Documents/Source/FunnyAnimals/Content/AdvancedCelShader/MobileCelShader/Presets/CelShaderMobilePixelArt.uasset" 145
"../../../Engine/Content/Functions/Engine_MaterialFunctions02/Utility/LinearSine.uasset" 146
"../../../Engine/Content/Functions/Engine_MaterialFunctions02/Utility/VectorLength.uasset" 147
"../../../../../../Users/andre/Documents/Source/FunnyAnimals/Content/AdvancedCelShader/Water/Textures/Ripple.uasset" 148
"../../../../../../Users/andre/Documents/Source/FunnyAnimals/Content/AdvancedCelShader/Landscape/Textures/water_bump.uasset" 149
"../../../../../../Users/andre/Documents/Source/FunnyAnimals/Content/AdvancedCelShader/Landscape/Textures/water_bump2.uasset" 150
"../../../../../../Users/andre/Documents/Source/FunnyAnimals/Content/AdvancedCelShader/Water/Textures/foam2.uasset" 151
"../../../../../../Users/andre/Documents/Source/FunnyAnimals/Content/AdvancedCelShader/Water/Textures/ocean_normal.uasset" 152
"../../../../../../Users/andre/Documents/Source/FunnyAnimals/Content/AdvancedCelShader/Water/Materials/CartoonWater.uasset" 153
"../../../../../../Users/andre/Documents/Source/FunnyAnimals/Content/Blueprints/BP_Bird.uasset" 154
"../../../../../../Users/andre/Documents/Source/FunnyAnimals/Content/Blueprints/Character/BP_FCharacter.uasset" 155
"../../../../../../Users/andre/Documents/Source/FunnyAnimals/Content/Blueprints/BP_FCharacter.uasset" 156
"../../../Engine/Content/Functions/Engine_MaterialFunctions02/HueShift.uasset" 157
"../../../../../../Users/andre/Documents/Source/FunnyAnimals/Content/Materials/M_HueColor.uasset" 158
"../../../../../../Users/andre/Documents/Source/FunnyAnimals/Content/Materials/MI_HueColor_Pink.uasset" 159
"../../../Engine/Content/EngineMaterials/T_Default_Material_Grid_M.uasset" 160
"../../../Engine/Content/EngineMaterials/T_Default_Material_Grid_N.uasset" 161
"../../../Engine/Content/EngineMaterials/DefaultMaterial.uasset" 162
"../../../Engine/Content/BasicShapes/Sphere.uasset" 163
"../../../../../../Users/andre/Documents/Source/FunnyAnimals/Content/Blueprints/Character/BP_Item.uasset" 164
"../../../../../../Users/andre/Documents/Source/FunnyAnimals/Content/Blueprints/BP_Item.uasset" 165
"../../../../../../Users/andre/Documents/Source/FunnyAnimals/Content/Blueprints/Character/BP_Spawner.uasset" 166
"../../../../../../Users/andre/Documents/Source/FunnyAnimals/Content/Blueprints/BP_Spawner.uasset" 167
"../../../Engine/Content/EditorBlueprintResources/ActorMacros.uasset" 168
"../../../../../../Users/andre/Documents/Source/FunnyAnimals/Content/Blueprints/AllLevels/BP_LevelManager.uasset" 169
"../../../../../../Users/andre/Documents/Source/FunnyAnimals/Content/Textures/ScreenShot00001.uasset" 170
"../../../../../../Users/andre/Documents/Source/FunnyAnimals/Content/UI/MainMenu/HostMenu.uasset" 171
"../../../../../../Users/andre/Documents/Source/FunnyAnimals/Content/UI/MainMenu/MainMenu.uasset" 172
"../../../Engine/Content/VREditor/Devices/Vive/UE4_Logo.uasset" 173
"../../../../../../Users/andre/Documents/Source/FunnyAnimals/Content/Blueprints/AllLevels/MyPlayerInfo.uasset" 174
"../../../../../../Users/andre/Documents/Source/FunnyAnimals/Content/Blueprints/AllLevels/MyPlayerSaveGame.uasset" 175
"../../../Engine/Content/Tutorial/Mobile/TutorialAssets/android_Icon.uasset" 176
"../../../../../../Users/andre/Documents/Source/FunnyAnimals/Content/Textures/blue_bird.uasset" 177
"../../../../../../Users/andre/Documents/Source/FunnyAnimals/Content/Textures/pink_bird.uasset" 178
"../../../../../../Users/andre/Documents/Source/FunnyAnimals/Content/UI/MainMenu/OptionsMenu.uasset" 179
"../../../../../../Users/andre/Documents/Source/FunnyAnimals/Content/UI/MainMenu/ServerMenu.uasset" 180
"../../../../../../Users/andre/Documents/Source/FunnyAnimals/Content/Blueprints/AllLevels/GameInfoInstance.uasset" 181
"../../../Engine/Content/ArtTools/RenderToTexture/Textures/127grey.uasset" 182
"../../../../../../Users/andre/Documents/Source/FunnyAnimals/Content/UI/Lobby/ConnectedPlayer.uasset" 183
"../../../../../../Users/andre/Documents/Source/FunnyAnimals/Content/UI/Lobby/GameSetting.uasset" 184
"../../../../../../Users/andre/Documents/Source/FunnyAnimals/Content/UI/Lobby/SelectCharacter.uasset" 185
"../../../../../../Users/andre/Documents/Source/FunnyAnimals/Content/UI/Lobby/LobbyMenu.uasset" 186
"../../../../../../Users/andre/Documents/Source/FunnyAnimals/Content/Blueprints/Lobby/LobbyPC.uasset" 187
"../../../../../../Users/andre/Documents/Source/FunnyAnimals/Content/Blueprints/Lobby/LobbyGM.uasset" 188
"../../../../../../Users/andre/Documents/Source/FunnyAnimals/Content/Blueprints/Gameplay/LobbyGM.uasset" 189
"../../../../../../Users/andre/Documents/Source/FunnyAnimals/Content/Textures/NewCanvasRenderTarget2D.uasset" 190
"../../../../../../Users/andre/Documents/Source/FunnyAnimals/Content/Materials/M_Grass.uasset" 191
"../../../../../../Users/andre/Documents/Source/FunnyAnimals/Content/Environment/M_Grass.uasset" 192
"../../../../../../Users/andre/Documents/Source/FunnyAnimals/Content/Meshes/SM_Grass.uasset" 193
"../../../../../../Users/andre/Documents/Source/FunnyAnimals/Content/Meshes/Grass.uasset" 194
"../../../../../../Users/andre/Documents/Source/FunnyAnimals/Content/Environment/Grass.uasset" 195
"../../../../../../Users/andre/Documents/Source/FunnyAnimals/Content/MissionMap_sharedassets/Grass.uasset" 196
"../../../Engine/Content/Functions/Engine_MaterialFunctions01/ImageAdjustment/3ColorBlend.uasset" 197
"../../../Engine/Content/EngineMaterials/WeightMapPlaceholderTexture.uasset" 198
"../../../../../../Users/andre/Documents/Source/FunnyAnimals/Content/Textures/Splatter.uasset" 199
"../../../../../../Users/andre/Documents/Source/FunnyAnimals/Content/Materials/M_GrassBase.uasset" 200
"../../../../../../Users/andre/Documents/Source/FunnyAnimals/Content/Environment/M_GrassBase.uasset" 201
"../../../../../../Users/andre/Documents/Source/FunnyAnimals/Content/Environment/Splatter.uasset" 202
"../../../../../../Users/andre/Documents/Source/FunnyAnimals/Content/Environment/Warp/GrassWarp.uasset" 203
"../../../../../../Users/andre/Documents/Source/FunnyAnimals/Content/Environment/Warp/NewCanvasRenderTarget2D.uasset" 204
"../../../Engine/Content/Functions/Engine_MaterialFunctions02/ValueStep.uasset" 205
"../../../Engine/Content/MaterialTemplates/Textures/T_Noise01.uasset" 206
"../../../../../../Users/andre/Documents/Source/FunnyAnimals/Content/Materials/M_Dust.uasset" 207
"../../Plugins/FX/Niagara/Content/DynamicInputs/UniformRange/UniformRangedFloat.uasset" 208
"../../Plugins/FX/Niagara/Content/DynamicInputs/UniformRange/UniformRangedVector.uasset" 209
"../../Plugins/FX/Niagara/Content/Modules/Emitter/SpawnBurst_Instantaneous.uasset" 210
"../../Plugins/FX/Niagara/Content/Enums/ENiagaraCoordinateSpace.uasset" 211
"../../Plugins/FX/Niagara/Content/Functions/Localspace/TransformBase.uasset" 212
"../../Plugins/FX/Niagara/Content/Functions/Localspace/TransformVector.uasset" 213
"../../Plugins/FX/Niagara/Content/Functions/RandomUnitVector.uasset" 214
"../../Plugins/FX/Niagara/Content/Functions/RandomVector.uasset" 215
"../../Plugins/FX/Niagara/Content/Enums/ENiagaraOrientationAxis.uasset" 216
"../../Plugins/FX/Niagara/Content/Modules/Spawn/Location/CylinderLocation.uasset" 217
"../../Plugins/FX/Niagara/Content/Functions/Rotation/FindQuatBetween.uasset" 218
"../../Plugins/FX/Niagara/Content/Functions/Rotation/MultiplyQuaternion.uasset" 219
"../../Plugins/FX/Niagara/Content/Functions/Rotation/AxisAngleToQuaternion.uasset" 220
"../../Plugins/FX/Niagara/Content/Modules/Solvers/ApplyRotationVector.uasset" 221
"../../Plugins/FX/Niagara/Content/Enums/ENiagaraMeshTransforms.uasset" 222
"../../Plugins/FX/Niagara/Content/Modules/Spawn/Orientation/V2/InitialMeshOrientation.uasset" 223
"../../Plugins/FX/Niagara/Content/Functions/NormalizeDistanceRange.uasset" 224
"../../Plugins/FX/Niagara/Content/Functions/DistanceBasedFalloff.uasset" 225
"../../Plugins/FX/Niagara/Content/Modules/Spawn/Velocity/AddVelocityFromPoint.uasset" 226
"../../Plugins/FX/Niagara/Content/Modules/Update/Forces/AccelerationForce.uasset" 227
"../../Plugins/FX/Niagara/Content/Modules/Update/Forces/Drag.uasset" 228
"../../Plugins/FX/Niagara/Content/Modules/Update/Material/DynamicMaterialParameters.uasset" 229
"../../../../../../Users/andre/Documents/Source/FunnyAnimals/Content/Meshes/SM_Dust.uasset" 230
"../../../../../../Users/andre/Documents/Source/FunnyAnimals/Content/Meshes/Dust.uasset" 231
"../../../../../../Users/andre/Documents/Source/FunnyAnimals/Content/untitled_category/untitled_asset/Dust.uasset" 232
"../../../../../../Users/andre/Documents/Source/FunnyAnimals/Content/FX/FX_FootstepDustPoof.uasset" 233
"../../Plugins/FX/Niagara/Content/DefaultAssets/DefaultRIbbonMaterial.uasset" 234
"../../Plugins/FX/Niagara/Content/DynamicInputs/Multiply/Multiply_VectorByFloat.uasset" 235
"../../Plugins/FX/Niagara/Content/DynamicInputs/Helpers/SimulationPosition.uasset" 236
"../../Plugins/FX/Niagara/Content/Functions/Localspace/TransformPosition.uasset" 237
"../../Plugins/FX/Niagara/Content/Modules/Beams/BeamEmitterSetup.uasset" 238
"../../Plugins/FX/Niagara/Content/Modules/Beams/BeamWidth.uasset" 239
"../../Plugins/FX/Niagara/Content/Functions/NormalizedExecutionIndex.uasset" 240
"../../Plugins/FX/Niagara/Content/Functions/Spline/FindPositionOnBezierSpline.uasset" 241
"../../Plugins/FX/Niagara/Content/Modules/Beams/SpawnBeam.uasset" 242
"../../Plugins/FX/Niagara/Content/Modules/Beams/UpdateBeam.uasset" 243
"../../Plugins/FX/Niagara/Content/Modules/Update/Color/Color.uasset" 244
"../../../../../../Users/andre/Documents/Source/FunnyAnimals/Content/FX/NewNiagaraSystem.uasset" 245
"../../../../../../Users/andre/Documents/Source/FunnyAnimals/Content/Materials/MI_Grass.uasset" 246
"../../../../../../Users/andre/Documents/Source/FunnyAnimals/Content/Materials/MI_GrassColor.uasset" 247
"../../../../../../Users/andre/Documents/Source/FunnyAnimals/Content/Materials/MI_HueColor_Green.uasset" 248
"../../../../../../Users/andre/Documents/Source/FunnyAnimals/Content/Materials/M_GrassColor.uasset" 249
"../../../../../../Users/andre/Documents/Source/FunnyAnimals/Content/Textures/Map1.uasset" 250
"../../../../../../Users/andre/Documents/Source/FunnyAnimals/Content/Textures/untitled.uasset" 251
"../../../../../../Users/andre/Documents/Source/FunnyAnimals/Content/UI/Loading.uasset" 252
"../../../../../../Users/andre/Documents/Source/FunnyAnimals/Content/UI/Preparing.uasset" 253
"../../../../../../Users/andre/Documents/Source/FunnyAnimals/Content/UI/Lobby/LobbyMenu_2.uasset" 254
"../../../../../../Users/andre/Documents/Source/FunnyAnimals/Content/UI/Lobby/PlayerButton.uasset" 255
"../../../../../../Users/andre/Documents/Source/FunnyAnimals/Content/UI/MainMenu/ErrorDialog.uasset" 256
"../../../../../../Users/andre/Documents/Source/FunnyAnimals/Content/Blueprints/Gameplay/BP_FPlayerController.uasset" 257
"../../../../../../Users/andre/Documents/Source/FunnyAnimals/Content/World/BP_FPlayerController.uasset" 258
"../../../../../../Users/andre/Documents/Source/FunnyAnimals/Content/Blueprints/AllLevels/BP_GameInstance.uasset" 259
"../../../../../../Users/andre/Documents/Source/FunnyAnimals/Content/World/BP_GameInstance.uasset" 260
"../../../../../../Users/andre/Documents/Source/FunnyAnimals/Content/World/BP_LevelManager.uasset" 261
"../../../../../../Users/andre/Documents/Source/FunnyAnimals/Content/Blueprints/AllLevels/PlayerSaveGame.uasset" 262
"../../../../../../Users/andre/Documents/Source/FunnyAnimals/Content/World/PlayerSaveGame.uasset" 263
"../../../Engine/Content/Animation/DefaultAnimCurveCompressionSettings.uasset" 264
"../../../Engine/Content/EngineMaterials/WorldGridMaterial.uasset" 265
"../../../Engine/Content/ArtTools/RenderToTexture/Meshes/S_1_Unit_Plane.uasset" 266
"../../../Engine/Content/BasicShapes/Cone.uasset" 267
"../../../Engine/Content/BasicShapes/Cube.uasset" 268
"../../../Engine/Content/BasicShapes/Cylinder.uasset" 269
"../../../Engine/Content/BasicShapes/Plane.uasset" 270
"../../../Engine/Content/EditorLandscapeResources/DataLayer.uasset" 271
"../../../Engine/Content/EditorMaterials/MAT_Groups_Toggle.uasset" 272
"../../../Engine/Content/EditorMaterials/MAT_Groups_Visibility.uasset" 273
"../../../Engine/Content/EditorMaterials/PreviewShadowIndicator.uasset" 274
"../../../Engine/Content/EditorMaterials/PreviewShadowIndicatorMaterial.uasset" 275
"../../../Engine/Content/EditorMaterials/MatineeGroups/MAT_ColorTrack.uasset" 276
"../../../Engine/Content/EditorMaterials/MatineeGroups/MAT_Groups_Anim.uasset" 277
"../../../Engine/Content/EditorMaterials/MatineeGroups/MAT_Groups_AudioMaster.uasset" 278
"../../../Engine/Content/EditorMaterials/MatineeGroups/MAT_Groups_Director.uasset" 279
"../../../Engine/Content/EditorMaterials/MatineeGroups/MAT_Groups_Event.uasset" 280
"../../../Engine/Content/EditorMaterials/MatineeGroups/MAT_Groups_Fade.uasset" 281
"../../../Engine/Content/EditorMaterials/MatineeGroups/MAT_Groups_Float.uasset" 282
"../../../Engine/Content/EditorMaterials/MatineeGroups/MAT_Groups_Move.uasset" 283
"../../../Engine/Content/EditorMaterials/MatineeGroups/MAT_Groups_Slomo.uasset" 284
"../../../Engine/Content/EditorMaterials/MatineeGroups/MAT_Groups_Sound.uasset" 285
"../../../Engine/Content/EditorMaterials/MatineeGroups/MAT_Groups_Vector.uasset" 286
"../../../Engine/Content/EditorMaterials/ParticleSystems/PSysThumbnail_NoImage.uasset" 287
"../../../Engine/Content/EditorMaterials/ParticleSystems/PSysThumbnail_OOD.uasset" 288
"../../../Engine/Content/EditorMaterials/Camera/CineMat.uasset" 289
"../../../Engine/Content/EditorMaterials/Camera/MI_CineMat_Rig.uasset" 290
"../../../Engine/Content/EditorMeshes/Camera/SM_CraneRig_Arm.uasset" 291
"../../../Engine/Content/EditorMeshes/Camera/SM_CraneRig_Base.uasset" 292
"../../../Engine/Content/EditorMeshes/Camera/SM_CraneRig_Body.uasset" 293
"../../../Engine/Content/EditorMeshes/Camera/SM_CraneRig_Mount.uasset" 294
"../../../Engine/Content/EditorMeshes/Camera/SM_RailRig_Mount.uasset" 295
"../../../Engine/Content/EditorMeshes/Camera/SM_RailRig_Track.uasset" 296
"../../../Engine/Content/EditorResources/BSPVertex.uasset" 297
"../../../Engine/Content/EditorResources/EmptyActor.uasset" 298
"../../../Engine/Content/EditorResources/S_Actor.uasset" 299
"../../../Engine/Content/EditorResources/S_Note.uasset" 300
"../../../Engine/Content/EditorResources/S_Solver.uasset" 301
"../../../Engine/Content/EditorResources/S_Trigger.uasset" 302
"../../../Engine/Content/EditorResources/LightIcons/S_LightError.uasset" 303
"../../../Engine/Content/EditorResources/SequenceRecorder/Countdown.uasset" 304
"../../../Engine/Content/EditorResources/SequenceRecorder/RecordingIndicator.uasset" 305
"../../../Engine/Content/EditorSounds/Notifications/CompileFailed.uasset" 306
"../../../Engine/Content/EditorSounds/Notifications/CompileFailed_Cue.uasset" 307
"../../../Engine/Content/EditorSounds/Notifications/CompileSuccess.uasset" 308
"../../../Engine/Content/EditorSounds/Notifications/CompileStart_Cue.uasset" 309
"../../../Engine/Content/EditorSounds/Notifications/CompileSuccess_Cue.uasset" 310
"../../../Engine/Content/EngineDamageTypes/DmgTypeBP_Environmental.uasset" 311
"../../../Engine/Content/EngineDebugMaterials/DebugEditorMaterial.uasset" 312
"../../../Engine/Content/EngineDebugMaterials/DebugMeshMaterial.uasset" 313
"../../../Engine/Content/EngineDebugMaterials/M_SimpleUnlitTranslucent.uasset" 314
"../../../Engine/Content/Functions/Engine_MaterialFunctions02/Utility/CameraDirectionVector.uasset" 315
"../../../Engine/Content/EngineDebugMaterials/VolumeToRender.uasset" 316
"../../../Engine/Content/EngineDebugMaterials/M_VolumeRenderSphereTracePP.uasset" 317
"../../../Engine/Content/EngineDebugMaterials/WireframeMaterial.uasset" 318
"../../../Engine/Content/EngineFonts/Faces/DroidSansFallback.uasset" 319
"../../../Engine/Content/EngineFonts/Faces/RobotoBold.uasset" 320
"../../../Engine/Content/EngineFonts/Faces/RobotoBoldItalic.uasset" 321
"../../../Engine/Content/EngineFonts/Faces/RobotoItalic.uasset" 322
"../../../Engine/Content/EngineFonts/Faces/RobotoLight.uasset" 323
"../../../Engine/Content/EngineFonts/Faces/RobotoRegular.uasset" 324
"../../../Engine/Content/EngineFonts/Roboto.uasset" 325
"../../../Engine/Content/EngineMaterials/BaseFlattenDiffuseMap.uasset" 326
"../../../Engine/Content/EngineMaterials/BaseFlattenEmissiveMap.uasset" 327
"../../../Engine/Content/EngineMaterials/BaseFlattenGrayscaleMap.uasset" 328
"../../../Engine/Content/EngineMaterials/BaseFlattenNormalMap.uasset" 329
"../../../Engine/Content/EngineMaterials/BaseFlattenMaterial.uasset" 330
"../../../Engine/Content/EngineMaterials/BlueNoise.uasset" 331
"../../../Engine/Content/EngineMaterials/DefaultBloomKernel.uasset" 332
"../../../Engine/Content/EngineMaterials/DefaultBokeh.uasset" 333
"../../../Engine/Content/EngineMaterials/DefaultDiffuse.uasset" 334
"../../../Engine/Content/EngineMaterials/DefaultDeferredDecalMaterial.uasset" 335
"../../../Engine/Content/EngineMaterials/DefaultLightFunctionMaterial.uasset" 336
"../../../Engine/Content/EngineMaterials/DefaultPostProcessMaterial.uasset" 337
"../../../Engine/Content/EngineFonts/RobotoDistanceField.uasset" 338
"../../../Engine/Content/EngineMaterials/DefaultTextMaterialOpaque.uasset" 339
"../../../Engine/Content/EngineMaterials/DefaultWhiteGrid.uasset" 340
"../../../Engine/Content/EngineMaterials/DefaultWhiteGrid_Low.uasset" 341
"../../../Engine/Content/EngineMaterials/EmissiveMeshMaterial.uasset" 342
"../../../Engine/Content/EngineMaterials/GizmoMaterial.uasset" 343
"../../../Engine/Content/EngineMaterials/Good64x64TilingNoiseHighFreq.uasset" 344
"../../../Engine/Content/EngineMaterials/MiniFont.uasset" 345
"../../../Engine/Content/EngineMaterials/InvalidLightmapSettings.uasset" 346
"../../../Engine/Content/EngineMaterials/M_InvalidLightmapSettings.uasset" 347
"../../../Engine/Content/Functions/Engine_MaterialFunctions02/WorldPositionOffset/CameraOffset.uasset" 348
"../../../Engine/Content/EngineMaterials/PhAT_JointLimitMaterial.uasset" 349
"../../../Engine/Content/EngineMaterials/PreintegratedSkinBRDF.uasset" 350
"../../../Engine/Content/EngineMaterials/RemoveSurfaceMaterial.uasset" 351
"../../../Engine/Content/EngineResources/WhiteSquareTexture.uasset" 352
"../../../Engine/Content/EngineMaterials/Widget3DPassThrough.uasset" 353
"../../../Engine/Content/EngineMaterials/Widget3DPassThrough_Masked.uasset" 354
"../../../Engine/Content/EngineMaterials/Widget3DPassThrough_Opaque.uasset" 355
"../../../Engine/Content/EngineMaterials/Widget3DPassThrough_Masked_OneSided.uasset" 356
"../../../Engine/Content/EngineMaterials/Widget3DPassThrough_Opaque_OneSided.uasset" 357
"../../../Engine/Content/EngineMaterials/Widget3DPassThrough_Translucent.uasset" 358
"../../../Engine/Content/EngineMaterials/Widget3DPassThrough_Translucent_OneSided.uasset" 359
"../../../Engine/Content/EngineMeshes/Cylinder.uasset" 360
"../../../Engine/Content/EngineMeshes/Sphere.uasset" 361
"../../../Engine/Content/EngineResources/Black.uasset" 362
"../../../Engine/Content/EngineResources/DefaultTexture.uasset" 363
"../../../Engine/Content/EngineResources/DefaultTextureCube.uasset" 364
"../../../Engine/Content/EngineResources/DefaultVolumeTexture2D.uasset" 365
"../../../Engine/Content/EngineResources/DefaultVolumeTexture.uasset" 366
"../../../Engine/Content/EngineResources/GradientTexture0.uasset" 367
"../../../Engine/Content/EngineSounds/Master.uasset" 368
"../../../Engine/Content/Functions/Engine_MaterialFunctions01/Shading/ConvertFromDiffSpec.uasset" 369
"../../../Engine/Content/Functions/Engine_MaterialFunctions01/Shading/PowerToRoughness.uasset" 370
"../../../Engine/Content/Maps/Templates/Thumbnails/Default.uasset" 371
"../../../Engine/Content/Maps/Templates/Thumbnails/TimeOfDay.uasset" 372
"../../../Engine/Content/Maps/Templates/Thumbnails/VR-Basic.uasset" 373
"../../../Engine/Content/MobileResources/T_MobileControls_texture.uasset" 374
"../../../Engine/Content/MobileResources/T_MobileMenu2.uasset" 375
"../../../Engine/Content/MobileResources/HUD/AnalogHat.uasset" 376
"../../../Engine/Content/MobileResources/HUD/VirtualJoystick_Background.uasset" 377
"../../../Engine/Content/MobileResources/HUD/VirtualJoystick_Thumb.uasset" 378
"../../../Engine/Content/MobileResources/HUD/DefaultVirtualJoysticks.uasset" 379
"../../../Engine/Content/MobileResources/HUD/LeftVirtualJoystickOnly.uasset" 380
"../../../Engine/Content/MobileResources/HUD/MobileHUDButton1_off.uasset" 381
"../../../Engine/Content/MobileResources/HUD/MobileHUDButton1_on.uasset" 382
"../../../Engine/Content/MobileResources/HUD/MobileHUDButton2_off.uasset" 383
"../../../Engine/Content/MobileResources/HUD/MobileHUDButton2_on.uasset" 384
"../../../Engine/Content/MobileResources/HUD/MobileHUDButton3.uasset" 385
"../../../Engine/Content/MobileResources/HUD/MobileHUDButtonFire.uasset" 386
"../../../Engine/Content/MobileResources/HUD/MobileHUDDirectionPad.uasset" 387
"../../../Engine/Content/MobileResources/HUD/MobileHUDDirectionPad2.uasset" 388
"../../../Engine/Content/MobileResources/HUD/MobileHUDDirectionPad3.uasset" 389
"../../../Engine/Content/MobileResources/HUD/MobileHUDDirectionStick.uasset" 390
"../../../Engine/Content/MobileResources/HUD/T_Castle_ThumbstickInner.uasset" 391
"../../../Engine/Content/MobileResources/HUD/T_Castle_ThumbstickOutter.uasset" 392
"../../../Engine/Content/Tutorial/ContentIntroCurve.uasset" 393
"../../../Engine/Content/Tutorial/Basics/LevelEditorAttract.uasset" 394
"../../../Engine/Content/Tutorial/Basics/TutorialAssets/icon_tab_Levels_40x.uasset" 395
"../../../Engine/Content/Tutorial/Basics/LevelEditorOverview.uasset" 396
"../../../Engine/Content/VREditor/LaserPointer/VR_LaserPower_01.uasset" 397
"../../../Engine/Content/VREditor/TransformGizmo/TransformGizmoMaterial.uasset" 398
"../../../Engine/Content/VREditor/TransformGizmo/TranslucentTransformGizmoMaterial.uasset" 399
"../../../Engine/Content/VREditor/TransformGizmo/BoundingBoxCorner.uasset" 400
"../../../Engine/Content/VREditor/TransformGizmo/BoundingBoxEdge.uasset" 401
"../../../Engine/Content/VREditor/TransformGizmo/PlaneTranslationHandle.uasset" 402
"../../../Engine/Content/VREditor/TransformGizmo/Main.uasset" 403
"../../../Engine/Content/VREditor/TransformGizmo/Xray.uasset" 404
"../../../Engine/Content/VREditor/TransformGizmo/SM_Sequencer_Key.uasset" 405
"../../../Engine/Content/VREditor/TransformGizmo/SM_Sequencer_Node.uasset" 406
"../../Plugins/2D/Paper2D/Content/PlaceholderTextures/DummySpriteTexture.uasset" 407
"../../Plugins/2D/Paper2D/Content/DummySprite.uasset" 408
"../../Plugins/2D/Paper2D/Content/DefaultPaperTerrainMaterial.uasset" 409
"../../Plugins/2D/Paper2D/Content/DefaultSpriteMaterial.uasset" 410
"../../Plugins/2D/Paper2D/Content/MaskedUnlitSpriteMaterial.uasset" 411
"../../Plugins/2D/Paper2D/Content/OpaqueUnlitSpriteMaterial.uasset" 412
"../../Plugins/FX/Niagara/Content/Enums/ENiagaraBooleanLogicOps.uasset" 413
"../../Plugins/FX/Niagara/Content/Enums/ENiagaraExpansionMode.uasset" 414
"../../../Engine/Content/Functions/Engine_MaterialFunctions02/Texturing/CustomRotator.uasset" 415
"../../Plugins/Marketplace/Substance/Content/Templates/material_functions/tiling.uasset" 416
"../../Plugins/Marketplace/Substance/Content/Templates/textures/default_color.uasset" 417
"../../Plugins/Marketplace/Substance/Content/Templates/textures/default_normal.uasset" 418
"../../Plugins/Marketplace/Substance/Content/Templates/parent_materials/Substance_Basic_Template.uasset" 419
"../../../Engine/Content/Functions/Engine_MaterialFunctions02/Utility/BreakOutFloat4Components.uasset" 420
"../../../Engine/Content/Functions/Engine_MaterialFunctions02/Utility/MakeFloat2.uasset" 421
"../../Plugins/Runtime/Oculus/OculusVR/Content/Materials/OculusMR_ChromaKey.uasset" 422
"../../Plugins/Runtime/Oculus/OculusVR/Content/Materials/OculusMR_ChromaKey_Lit.uasset" 423
"../../Plugins/Runtime/Oculus/OculusVR/Content/Materials/OculusMR_OpaqueColoredMaterial.uasset" 424
"../../Plugins/Runtime/Oculus/OculusVR/Content/Materials/OculusMR_WhiteMaterial.uasset" 425
"../../../../../../Users/andre/Documents/Source/FunnyAnimals/Content/Maps/Lobby_BuiltData.uasset" 426
"../../../Engine/Content/EngineSky/M_SkyTimeOfDay.uasset" 427
"../../../Engine/Content/TemplateResources/M_Template_Master.uasset" 428
"../../../Engine/Content/TemplateResources/MI_Template_BaseGray_02_Metal.uasset" 429
"../../../Engine/Content/TemplateResources/MI_Template_BaseGray_03_Metal.uasset" 430
"../../../../../../Users/andre/Documents/Source/FunnyAnimals/Content/AdvancedCelShader/CelShader/Presets/CelShader80sCartoon.uasset" 431
"../../../Engine/Content/EngineMeshes/T_Mat_UnrealTech_01_D.uasset" 432
"../../../Engine/Content/EngineMeshes/M_Mat_UnrealTech.uasset" 433
"../../../Engine/Content/EngineMeshes/SM_MatPreviewMesh_01.uasset" 434
"../../../../../../Users/andre/Documents/Source/FunnyAnimals/Content/Materials/MI_GrassBase.uasset" 435
"../../../../../../Users/andre/Documents/Source/FunnyAnimals/Content/Meshes/SM_Floor_LArge.uasset" 436
"../../../../../../Users/andre/Documents/Source/FunnyAnimals/Content/Maps/Lobby.umap" 437
"../../../../../../Users/andre/Documents/Source/FunnyAnimals/Content/Maps/MainMenu_BuiltData.uasset" 438
"../../../../../../Users/andre/Documents/Source/FunnyAnimals/Content/Maps/MainMenu.umap" 439
"../../../Engine/Content/EngineSky/C_Sky_Cloud_Color.uasset" 440
"../../../Engine/Content/EngineSky/C_Sky_Horizon_Color.uasset" 441
"../../../Engine/Content/EngineSky/C_Sky_Zenith_Color.uasset" 442
"../../../Engine/Content/EngineSky/T_Sky_Blue.uasset" 443
"../../../Engine/Content/EngineSky/T_Sky_Clouds_M.uasset" 444
"../../../Engine/Content/EngineSky/T_Sky_Stars.uasset" 445
"../../../Engine/Content/EngineSky/M_Sky_Panning_Clouds2.uasset" 446
"../../../Engine/Content/EngineSky/SM_SkySphere.uasset" 447
"../../../Engine/Content/EngineSky/BP_Sky_Sphere.uasset" 448
"../../../../../../Users/andre/Documents/Source/FunnyAnimals/Content/MissionMap_sharedassets/Dirt_LayerInfo.uasset" 449
"../../../../../../Users/andre/Documents/Source/FunnyAnimals/Content/MissionMap_sharedassets/Grass_LayerInfo.uasset" 450
"../../../Engine/Content/EngineMaterials/DefaultPhysicalMaterial.uasset" 451
"../../../../../../Users/andre/Documents/Source/FunnyAnimals/Content/Maps/Map1.umap" 452
"../../../../../../Users/andre/Documents/Source/FunnyAnimals/Content/Blueprints/Gameplay/GameplayPC.uasset" 453
"../../../../../../Users/andre/Documents/Source/FunnyAnimals/Content/Blueprints/Gameplay/GameplayGM.uasset" 454
"../../../../../../Users/andre/Documents/Source/FunnyAnimals/Content/Maps/Map2_BuiltData.uasset" 455
"../../../../../../Users/andre/Documents/Source/FunnyAnimals/Content/Maps/Map2.umap" 456
"../../../../../../Users/andre/Documents/Source/FunnyAnimals/Content/Maps/TravelMAp.umap" 457
